# JRE version: OpenJDK Runtime Environment (8.0_242-b01) (build 1.8.0_242-release-1644-b01)
# Java VM: OpenJDK 64-Bit Server VM (25.242-b01 mixed mode windows-amd64 compressed oops)
Heap:
 PSYoungGen      total 610304K, used 7416K [0x00000000d5580000, 0x00000000ff480000, 0x0000000100000000)
  eden space 530944K, 1% used [0x00000000d5580000,0x00000000d5cbe1b0,0x00000000f5c00000)
  from space 79360K, 0% used [0x00000000f5c00000,0x00000000f5c00000,0x00000000fa980000)
  to   space 74752K, 0% used [0x00000000fab80000,0x00000000fab80000,0x00000000ff480000)
 ParOldGen       total 319488K, used 148504K [0x0000000080000000, 0x0000000093800000, 0x00000000d5580000)
  object space 319488K, 46% used [0x0000000080000000,0x00000000891060a8,0x0000000093800000)
 Metaspace       used 109240K, capacity 115866K, committed 115992K, reserved 1150976K
  class space    used 14010K, capacity 15115K, committed 15136K, reserved 1048576K
GC Heap History (10 events):
Event: 6561.578 GC heap before
{Heap before GC invocations=34 (full 6):
 PSYoungGen      total 607744K, used 607717K [0x00000000d5580000, 0x0000000100000000, 0x0000000100000000)
  eden space 537600K, 100% used [0x00000000d5580000,0x00000000f6280000,0x00000000f6280000)
  from space 70144K, 99% used [0x00000000f6280000,0x00000000fa6f96d0,0x00000000fa700000)
  to   space 86528K, 0% used [0x00000000fab80000,0x00000000fab80000,0x0000000100000000)
 ParOldGen       total 212480K, used 86202K [0x0000000080000000, 0x000000008cf80000, 0x00000000d5580000)
  object space 212480K, 40% used [0x0000000080000000,0x000000008542ea00,0x000000008cf80000)
 Metaspace       used 109014K, capacity 115622K, committed 115736K, reserved 1150976K
  class space    used 13997K, capacity 15107K, committed 15136K, reserved 1048576K
Event: 6562.037 GC heap after
Heap after GC invocations=34 (full 6):
 PSYoungGen      total 614912K, used 11408K [0x00000000d5580000, 0x0000000100000000, 0x0000000100000000)
  eden space 528384K, 0% used [0x00000000d5580000,0x00000000d5580000,0x00000000f5980000)
  from space 86528K, 13% used [0x00000000fab80000,0x00000000fb6a4048,0x0000000100000000)
  to   space 83968K, 0% used [0x00000000f5980000,0x00000000f5980000,0x00000000fab80000)
 ParOldGen       total 212480K, used 149619K [0x0000000080000000, 0x000000008cf80000, 0x00000000d5580000)
  object space 212480K, 70% used [0x0000000080000000,0x000000008921ccd8,0x000000008cf80000)
 Metaspace       used 109014K, capacity 115622K, committed 115736K, reserved 1150976K
  class space    used 13997K, capacity 15107K, committed 15136K, reserved 1048576K
}
Event: 6571.442 GC heap before
{Heap before GC invocations=35 (full 6):
 PSYoungGen      total 614912K, used 539792K [0x00000000d5580000, 0x0000000100000000, 0x0000000100000000)
  eden space 528384K, 100% used [0x00000000d5580000,0x00000000f5980000,0x00000000f5980000)
  from space 86528K, 13% used [0x00000000fab80000,0x00000000fb6a4048,0x0000000100000000)
  to   space 83968K, 0% used [0x00000000f5980000,0x00000000f5980000,0x00000000fab80000)
 ParOldGen       total 212480K, used 149619K [0x0000000080000000, 0x000000008cf80000, 0x00000000d5580000)
  object space 212480K, 70% used [0x0000000080000000,0x000000008921ccd8,0x000000008cf80000)
 Metaspace       used 109103K, capacity 115724K, committed 115992K, reserved 1150976K
  class space    used 14006K, capacity 15112K, committed 15136K, reserved 1048576K
Event: 6571.596 GC heap after
Heap after GC invocations=35 (full 6):
 PSYoungGen      total 539136K, used 10335K [0x00000000d5580000, 0x00000000ff980000, 0x0000000100000000)
  eden space 528384K, 0% used [0x00000000d5580000,0x00000000d5580000,0x00000000f5980000)
  from space 10752K, 96% used [0x00000000f5980000,0x00000000f6397ea8,0x00000000f6400000)
  to   space 81920K, 0% used [0x00000000fa980000,0x00000000fa980000,0x00000000ff980000)
 ParOldGen       total 212480K, used 158892K [0x0000000080000000, 0x000000008cf80000, 0x00000000d5580000)
  object space 212480K, 74% used [0x0000000080000000,0x0000000089b2b148,0x000000008cf80000)
 Metaspace       used 109103K, capacity 115724K, committed 115992K, reserved 1150976K
  class space    used 14006K, capacity 15112K, committed 15136K, reserved 1048576K
}
Event: 6579.686 GC heap before
{Heap before GC invocations=36 (full 6):
 PSYoungGen      total 539136K, used 538719K [0x00000000d5580000, 0x00000000ff980000, 0x0000000100000000)
  eden space 528384K, 100% used [0x00000000d5580000,0x00000000f5980000,0x00000000f5980000)
  from space 10752K, 96% used [0x00000000f5980000,0x00000000f6397ea8,0x00000000f6400000)
  to   space 81920K, 0% used [0x00000000fa980000,0x00000000fa980000,0x00000000ff980000)
 ParOldGen       total 212480K, used 158892K [0x0000000080000000, 0x000000008cf80000, 0x00000000d5580000)
  object space 212480K, 74% used [0x0000000080000000,0x0000000089b2b148,0x000000008cf80000)
 Metaspace       used 109218K, capacity 115802K, committed 115992K, reserved 1150976K
  class space    used 14010K, capacity 15115K, committed 15136K, reserved 1048576K
Event: 6579.782 GC heap after
Heap after GC invocations=36 (full 6):
 PSYoungGen      total 612864K, used 8898K [0x00000000d5580000, 0x0000000100000000, 0x0000000100000000)
  eden space 530944K, 0% used [0x00000000d5580000,0x00000000d5580000,0x00000000f5c00000)
  from space 81920K, 10% used [0x00000000fa980000,0x00000000fb230b50,0x00000000ff980000)
  to   space 79360K, 0% used [0x00000000f5c00000,0x00000000f5c00000,0x00000000fa980000)
 ParOldGen       total 212480K, used 167167K [0x0000000080000000, 0x000000008cf80000, 0x00000000d5580000)
  object space 212480K, 78% used [0x0000000080000000,0x000000008a33ff48,0x000000008cf80000)
 Metaspace       used 109218K, capacity 115802K, committed 115992K, reserved 1150976K
  class space    used 14010K, capacity 15115K, committed 15136K, reserved 1048576K
}
Event: 6585.307 GC heap before
{Heap before GC invocations=37 (full 6):
 PSYoungGen      total 612864K, used 539842K [0x00000000d5580000, 0x0000000100000000, 0x0000000100000000)
  eden space 530944K, 100% used [0x00000000d5580000,0x00000000f5c00000,0x00000000f5c00000)
  from space 81920K, 10% used [0x00000000fa980000,0x00000000fb230b50,0x00000000ff980000)
  to   space 79360K, 0% used [0x00000000f5c00000,0x00000000f5c00000,0x00000000fa980000)
 ParOldGen       total 212480K, used 167167K [0x0000000080000000, 0x000000008cf80000, 0x00000000d5580000)
  object space 212480K, 78% used [0x0000000080000000,0x000000008a33ff48,0x000000008cf80000)
 Metaspace       used 109240K, capacity 115866K, committed 115992K, reserved 1150976K
  class space    used 14010K, capacity 15115K, committed 15136K, reserved 1048576K
Event: 6585.441 GC heap after
Heap after GC invocations=37 (full 6):
 PSYoungGen      total 610304K, used 21033K [0x00000000d5580000, 0x00000000ff480000, 0x0000000100000000)
  eden space 530944K, 0% used [0x00000000d5580000,0x00000000d5580000,0x00000000f5c00000)
  from space 79360K, 26% used [0x00000000f5c00000,0x00000000f708a568,0x00000000fa980000)
  to   space 74752K, 0% used [0x00000000fab80000,0x00000000fab80000,0x00000000ff480000)
 ParOldGen       total 212480K, used 174897K [0x0000000080000000, 0x000000008cf80000, 0x00000000d5580000)
  object space 212480K, 82% used [0x0000000080000000,0x000000008aacc4f0,0x000000008cf80000)
 Metaspace       used 109240K, capacity 115866K, committed 115992K, reserved 1150976K
  class space    used 14010K, capacity 15115K, committed 15136K, reserved 1048576K
}
Event: 6585.441 GC heap before
{Heap before GC invocations=38 (full 7):
 PSYoungGen      total 610304K, used 21033K [0x00000000d5580000, 0x00000000ff480000, 0x0000000100000000)
  eden space 530944K, 0% used [0x00000000d5580000,0x00000000d5580000,0x00000000f5c00000)
  from space 79360K, 26% used [0x00000000f5c00000,0x00000000f708a568,0x00000000fa980000)
  to   space 74752K, 0% used [0x00000000fab80000,0x00000000fab80000,0x00000000ff480000)
 ParOldGen       total 212480K, used 174897K [0x0000000080000000, 0x000000008cf80000, 0x00000000d5580000)
  object space 212480K, 82% used [0x0000000080000000,0x000000008aacc4f0,0x000000008cf80000)
 Metaspace       used 109240K, capacity 115866K, committed 115992K, reserved 1150976K
  class space    used 14010K, capacity 15115K, committed 15136K, reserved 1048576K
Event: 6590.894 GC heap after
Heap after GC invocations=38 (full 7):
 PSYoungGen      total 610304K, used 0K [0x00000000d5580000, 0x00000000ff480000, 0x0000000100000000)
  eden space 530944K, 0% used [0x00000000d5580000,0x00000000d5580000,0x00000000f5c00000)
  from space 79360K, 0% used [0x00000000f5c00000,0x00000000f5c00000,0x00000000fa980000)
  to   space 74752K, 0% used [0x00000000fab80000,0x00000000fab80000,0x00000000ff480000)
 ParOldGen       total 319488K, used 148504K [0x0000000080000000, 0x0000000093800000, 0x00000000d5580000)
  object space 319488K, 46% used [0x0000000080000000,0x00000000891060a8,0x0000000093800000)
 Metaspace       used 109240K, capacity 115866K, committed 115992K, reserved 1150976K
  class space    used 14010K, capacity 15115K, committed 15136K, reserved 1048576K
}

